#
# There is insufficient memory for the Java Runtime Environment to continue.
# Native memory allocation (mmap) failed to map 132120576 bytes. Error detail: G1 virtual space
# Possible reasons:
#   The system is out of physical RAM or swap space
#   This process is running with CompressedOops enabled, and the Java Heap may be blocking the growth of the native heap
# Possible solutions:
#   Reduce memory load on the system
#   Increase physical memory or swap space
#   Check if swap backing store is full
#   Decrease Java heap size (-Xmx/-Xms)
#   Decrease number of Java threads
#   Decrease Java thread stack sizes (-Xss)
#   Set larger code cache with -XX:ReservedCodeCacheSize=
#   JVM is running with Unscaled Compressed Oops mode in which the Java heap is
#     placed in the first 4GB address space. The Java Heap base address is the
#     maximum limit for the native heap growth. Please use -XX:HeapBaseMinAddress
#     to set the Java Heap base and to place the Java Heap above 4GB virtual address.
# This output file may be truncated or incomplete.
#
#  Out of Memory Error (os_windows.cpp:3703), pid=14088, tid=1208
#
# JRE version:  (23.0+37) (build )
# Java VM: Java HotSpot(TM) 64-Bit Server VM (23+37-2369, mixed mode, sharing, tiered, compressed oops, compressed class ptrs, g1 gc, windows-amd64)
# No core dump will be written. Minidumps are not enabled by default on client versions of Windows
#

---------------  S U M M A R Y ------------

Command Line: -Dnet.bytebuddy.agent.attacher.dump= net.bytebuddy.agent.Attacher com.sun.tools.attach.VirtualMachine 35080 C:\Users\Pc\.m2\repository\net\bytebuddy\byte-buddy-agent\1.17.7\byte-buddy-agent-1.17.7.jar false 

Host: Intel(R) Core(TM) i5-8350U CPU @ 1.70GHz, 8 cores, 7G,  Windows 10 , 64 bit Build 19041 (10.0.19041.5915)
Time: Tue Oct 28 21:10:40 2025 Maroc elapsed time: 0.033327 seconds (0d 0h 0m 0s)

---------------  T H R E A D  ---------------

Current thread (0x00000246e8eec830):  JavaThread "Unknown thread" [_thread_in_vm, id=1208, stack(0x0000005f88f00000,0x0000005f89000000) (1024K)]

Stack: [0x0000005f88f00000,0x0000005f89000000]
Native frames: (J=compiled Java code, j=interpreted, Vv=VM code, C=native code)
V  [jvm.dll+0x6e08a9]  (no source info available)
V  [jvm.dll+0x87da63]  (no source info available)
V  [jvm.dll+0x87feee]  (no source info available)
V  [jvm.dll+0x8805c3]  (no source info available)
V  [jvm.dll+0x27aee6]  (no source info available)
V  [jvm.dll+0x6dd1b5]  (no source info available)
V  [jvm.dll+0x6d103a]  (no source info available)
V  [jvm.dll+0x35b3ea]  (no source info available)
V  [jvm.dll+0x3637f6]  (no source info available)
V  [jvm.dll+0x34fd5e]  (no source info available)
V  [jvm.dll+0x34fff8]  (no source info available)
V  [jvm.dll+0x3289cc]  (no source info available)
V  [jvm.dll+0x32966e]  (no source info available)
V  [jvm.dll+0x8442e5]  (no source info available)
V  [jvm.dll+0x3b9848]  (no source info available)
V  [jvm.dll+0x82d0dc]  (no source info available)
V  [jvm.dll+0x454d4e]  (no source info available)
V  [jvm.dll+0x456bd1]  (no source info available)
C  [jli.dll+0x52a3]  (no source info available)
C  [ucrtbase.dll+0x21bb2]  (no source info available)
C  [KERNEL32.DLL+0x17374]  (no source info available)
C  [ntdll.dll+0x4cc91]  (no source info available)

Lock stack of current Java thread (top to bottom):


---------------  P R O C E S S  ---------------

Threads class SMR info:
_java_thread_list=0x00007ffe3bd23618, length=0, elements={
}

Java Threads: ( => current thread )
Total: 0

Other Threads:
  0x00000246eb2cdc20 WorkerThread "GC Thread#0"                     [id=20700, stack(0x0000005f89000000,0x0000005f89100000) (1024K)]
  0x00000246eb2e27e0 ConcurrentGCThread "G1 Main Marker"            [id=21420, stack(0x0000005f89100000,0x0000005f89200000) (1024K)]
  0x00000246eb2e32f0 WorkerThread "G1 Conc#0"                       [id=22276, stack(0x0000005f89200000,0x0000005f89300000) (1024K)]

[error occurred during error reporting (printing all threads), id 0xc0000005, EXCEPTION_ACCESS_VIOLATION (0xc0000005) at pc=0x00007ffe3b46bfba]
VM state: not at safepoint (not fully initialized)

VM Mutex/Monitor currently owned by a thread:  ([mutex/lock_event])
[0x00007ffe3bda3a10] Heap_lock - owner thread: 0x00000246e8eec830

Heap address: 0x0000000082800000, size: 2008 MB, Compressed Oops mode: 32-bit

CDS archive(s) mapped at: [0x0000000000000000-0x0000000000000000-0x0000000000000000), size 0, SharedBaseAddress: 0x0000000800000000, ArchiveRelocationMode: 1.
Narrow klass base: 0x0000000000000000, Narrow klass shift: 0, Narrow klass range: 0x0

GC Precious Log:
 CardTable entry size: 512
 Card Set container configuration: InlinePtr #cards 5 size 8 Array Of Cards #cards 10 size 36 Howl #buckets 4 coarsen threshold 1843 Howl Bitmap #cards 512 size 80 coarsen threshold 460 Card regions per heap region 1 cards per card region 2048

Heap:
 garbage-first heap   total reserved 2056192K, committed 0K, used 0K [0x0000000082800000, 0x0000000100000000)
  region size 1024K, 0 young (0K), 0 survivors (0K)

[error occurred during error reporting (printing heap information), id 0xc0000005, EXCEPTION_ACCESS_VIOLATION (0xc0000005) at pc=0x00007ffe3b86c3b9]
GC Heap History (0 events):
No events

Dll operation events (1 events):
Event: 0.022 Loaded shared library C:\Program Files\java\jdk-23\bin\java.dll

Deoptimization events (0 events):
No events

Classes loaded (0 events):
No events

Classes unloaded (0 events):
No events

Classes redefined (0 events):
No events

Internal exceptions (0 events):
No events

VM Operations (0 events):
No events

Memory protections (0 events):
No events

Nmethod flushes (0 events):
No events

Events (0 events):
No events


Dynamic libraries:
0x00007ff7cd010000 - 0x00007ff7cd020000 	C:\Program Files\java\jdk-23\bin\java.exe
0x00007ffea02d0000 - 0x00007ffea04c8000 	C:\WINDOWS\SYSTEM32\ntdll.dll
0x00007ffe9f5c0000 - 0x00007ffe9f682000 	C:\WINDOWS\System32\KERNEL32.DLL
0x00007ffe9dd20000 - 0x00007ffe9e016000 	C:\WINDOWS\System32\KERNELBASE.dll
0x00007ffe9e0b0000 - 0x00007ffe9e1b0000 	C:\WINDOWS\System32\ucrtbase.dll
0x00007ffe993a0000 - 0x00007ffe993b7000 	C:\Program Files\java\jdk-23\bin\jli.dll
0x00007ffe98080000 - 0x00007ffe9809b000 	C:\Program Files\java\jdk-23\bin\VCRUNTIME140.dll
0x00007ffe9e670000 - 0x00007ffe9e80d000 	C:\WINDOWS\System32\USER32.dll
0x00007ffe825b0000 - 0x00007ffe8284b000 	C:\WINDOWS\WinSxS\amd64_microsoft.windows.common-controls_6595b64144ccf1df_6.0.19041.6280_none_60bc30a171f2f3f3\COMCTL32.dll
0x00007ffe9f500000 - 0x00007ffe9f59e000 	C:\WINDOWS\System32\msvcrt.dll
0x00007ffe9fa80000 - 0x00007ffe9faab000 	C:\WINDOWS\System32\GDI32.dll
0x00007ffe9e2d0000 - 0x00007ffe9e2f2000 	C:\WINDOWS\System32\win32u.dll
0x00007ffe9d9a0000 - 0x00007ffe9dab9000 	C:\WINDOWS\System32\gdi32full.dll
0x00007ffe9e1b0000 - 0x00007ffe9e24d000 	C:\WINDOWS\System32\msvcp_win.dll
0x00007ffe9efa0000 - 0x00007ffe9efcf000 	C:\WINDOWS\System32\IMM32.DLL
0x000000005b2b0000 - 0x000000005b2bc000 	C:\Program Files (x86)\360\Total Security\safemon\SafeWrapper.dll
0x00007ffe985a0000 - 0x00007ffe985ac000 	C:\Program Files\java\jdk-23\bin\vcruntime140_1.dll
0x00007ffe769f0000 - 0x00007ffe76a7e000 	C:\Program Files\java\jdk-23\bin\msvcp140.dll
0x00007ffe3b130000 - 0x00007ffe3be7f000 	C:\Program Files\java\jdk-23\bin\server\jvm.dll
0x00007ffe9ec80000 - 0x00007ffe9ed31000 	C:\WINDOWS\System32\ADVAPI32.dll
0x00007ffe9e300000 - 0x00007ffe9e39f000 	C:\WINDOWS\System32\sechost.dll
0x00007ffe9ed40000 - 0x00007ffe9ee60000 	C:\WINDOWS\System32\RPCRT4.dll
0x00007ffe9d970000 - 0x00007ffe9d997000 	C:\WINDOWS\System32\bcrypt.dll
0x00007ffe9f6f0000 - 0x00007ffe9f75b000 	C:\WINDOWS\System32\WS2_32.dll
0x00007ffe9ce50000 - 0x00007ffe9ce9b000 	C:\WINDOWS\SYSTEM32\POWRPROF.dll
0x00007ffe9d4f0000 - 0x00007ffe9d4fa000 	C:\WINDOWS\SYSTEM32\VERSION.dll
0x00007ffe8aa00000 - 0x00007ffe8aa27000 	C:\WINDOWS\SYSTEM32\WINMM.dll
0x00007ffe9ccc0000 - 0x00007ffe9ccd2000 	C:\WINDOWS\SYSTEM32\UMPDC.dll
0x00007ffe9c0e0000 - 0x00007ffe9c0f2000 	C:\WINDOWS\SYSTEM32\kernel.appcore.dll
0x00007ffe98400000 - 0x00007ffe9840a000 	C:\Program Files\java\jdk-23\bin\jimage.dll
0x00007ffe9a6e0000 - 0x00007ffe9a8e1000 	C:\WINDOWS\SYSTEM32\DBGHELP.DLL
0x00007ffe91fb0000 - 0x00007ffe91fe4000 	C:\WINDOWS\SYSTEM32\dbgcore.DLL
0x00007ffe9e020000 - 0x00007ffe9e0a2000 	C:\WINDOWS\System32\bcryptPrimitives.dll
0x00007ffe98060000 - 0x00007ffe9807e000 	C:\Program Files\java\jdk-23\bin\java.dll
0x00007ffe9e3a0000 - 0x00007ffe9e4cb000 	C:\WINDOWS\System32\ole32.dll
0x00007ffe9f1a0000 - 0x00007ffe9f4f3000 	C:\WINDOWS\System32\combase.dll
0x00007ffe9fb10000 - 0x00007ffea0280000 	C:\WINDOWS\System32\SHELL32.dll

dbghelp: loaded successfully - version: 4.0.5 - missing functions: none
symbol engine: initialized successfully - sym options: 0x614 - pdb path: .;C:\Program Files\java\jdk-23\bin;C:\WINDOWS\SYSTEM32;C:\WINDOWS\WinSxS\amd64_microsoft.windows.common-controls_6595b64144ccf1df_6.0.19041.6280_none_60bc30a171f2f3f3;C:\Program Files (x86)\360\Total Security\safemon;C:\Program Files\java\jdk-23\bin\server

VM Arguments:
jvm_args: -Dnet.bytebuddy.agent.attacher.dump= 
java_command: net.bytebuddy.agent.Attacher com.sun.tools.attach.VirtualMachine 35080 C:\Users\Pc\.m2\repository\net\bytebuddy\byte-buddy-agent\1.17.7\byte-buddy-agent-1.17.7.jar false 
java_class_path (initial): C:\Users\Pc\.m2\repository\net\bytebuddy\byte-buddy-agent\1.17.7\byte-buddy-agent-1.17.7.jar
Launcher Type: SUN_STANDARD

[Global flags]
     intx CICompilerCount                          = 4                                         {product} {ergonomic}
     uint ConcGCThreads                            = 2                                         {product} {ergonomic}
     uint G1ConcRefinementThreads                  = 8                                         {product} {ergonomic}
   size_t G1HeapRegionSize                         = 1048576                                   {product} {ergonomic}
   size_t InitialHeapSize                          = 132120576                                 {product} {ergonomic}
   size_t MarkStackSize                            = 4194304                                   {product} {ergonomic}
   size_t MarkStackSizeMax                         = 536870912                                 {product} {ergonomic}
   size_t MaxHeapSize                              = 2105540608                                {product} {ergonomic}
   size_t MinHeapDeltaBytes                        = 1048576                                   {product} {ergonomic}
   size_t MinHeapSize                              = 8388608                                   {product} {ergonomic}
    uintx NonNMethodCodeHeapSize                   = 5832704                                {pd product} {ergonomic}
    uintx NonProfiledCodeHeapSize                  = 122945536                              {pd product} {ergonomic}
    uintx ProfiledCodeHeapSize                     = 122880000                              {pd product} {ergonomic}
    uintx ReservedCodeCacheSize                    = 251658240                              {pd product} {ergonomic}
     bool SegmentedCodeCache                       = true                                      {product} {ergonomic}
   size_t SoftMaxHeapSize                          = 2105540608                             {manageable} {ergonomic}
     bool UseCompressedOops                        = true                           {product lp64_product} {ergonomic}
     bool UseG1GC                                  = true                                      {product} {ergonomic}
     bool UseLargePagesIndividualAllocation        = false                                  {pd product} {ergonomic}

Logging:
Log output configuration:
 #0: stdout all=warning uptime,level,tags foldmultilines=false
 #1: stderr all=off uptime,level,tags foldmultilines=false

Environment Variables:
JAVA_HOME=C:\Program Files\java\jdk-23
PATH=C:\Program Files (x86)\VMware\VMware Workstation\bin\;C:\Program Files\java\jdk-23\bin;C:\App\db_home\bin;C:\Program Files\Microsoft MPI\Bin\;C:\WINDOWS\system32;C:\Program Files\Microsoft SQL Server\160\Tools\Binn\;C:\WINDOWS;C:\WINDOWS\System32\Wbem;C:\WINDOWS\System32\WindowsPowerShell\v1.0\;C:\WINDOWS\System32\OpenSSH\;C:\Program Files\Intel\WiFi\bin\;C:\Program Files\Common Files\Intel\WirelessCommon\;C:\Program Files (x86)\Microsoft SQL Server\160\Tools\Binn\;C:\Program Files\Microsoft SQL Server\Client SDK\ODBC\170\Tools\Binn\;C:\Program Files\Microsoft SQL Server\160\DTS\Binn\;C:\Program Files (x86)\Microsoft SQL Server\160\DTS\Binn\;C:\Program Files\Azure Data Studio\bin;C:\Python3.12.3\Scripts;C:\Program Files\Microsoft SQL Server\150\Tools\Binn\;C:\Program Files\dotnet\;C:\Program Files\Git\cmd;C:\Program Files\apache-maven-3.9.9\bin;C:\Users\Pc\Desktop\apache-maven-3.9.9-bin;C:\Program Files\Apache\Maven\apache-maven-3.9.9\bin;C:\Program Files\nodejs\;C:\Program Files\Docker\Docker\resources\bin;C:\Program Files\cursor\resources\app\bin;C:\Users\Pc\AppData\Local\Microsoft\WindowsApps;C:\Users\Pc\AppData\Local\Programs\Microsoft VS Code\bin;C:\Users\Pc\AppData\Local\GitHubDesktop\bin;C:\Program Files\Azure Data Studio\bin;C:\Users\Pc\.dotnet\tools;C:\Users\Pc\AppData\Roaming\npm;C:\Users\Pc\AppData\Local\Programs\Windsurf\bin
USERNAME=Pc
OS=Windows_NT
PROCESSOR_IDENTIFIER=Intel64 Family 6 Model 142 Stepping 10, GenuineIntel
TMP=C:\Users\Pc\AppData\Local\Temp
TEMP=C:\Users\Pc\AppData\Local\Temp




Periodic native trim disabled

---------------  S Y S T E M  ---------------

OS:
 Windows 10 , 64 bit Build 19041 (10.0.19041.5915)
OS uptime: 43 days 12:03 hours
Hyper-V role detected

CPU: total 8 (initial active 8) (4 cores per cpu, 2 threads per core) family 6 model 142 stepping 10 microcode 0xca, cx8, cmov, fxsr, ht, mmx, 3dnowpref, sse, sse2, sse3, ssse3, sse4.1, sse4.2, popcnt, lzcnt, tsc, tscinvbit, avx, avx2, aes, erms, clmul, bmi1, bmi2, rtm, adx, fma, vzeroupper, clflush, clflushopt, hv, rdtscp, f16c
Processor Information for processor 0
  Max Mhz: 1896, Current Mhz: 1696, Mhz Limit: 1687
Processor Information for processor 1
  Max Mhz: 1896, Current Mhz: 1496, Mhz Limit: 1687
Processor Information for processor 2
  Max Mhz: 1896, Current Mhz: 1696, Mhz Limit: 1687
Processor Information for processor 3
  Max Mhz: 1896, Current Mhz: 1496, Mhz Limit: 1687
Processor Information for processor 4
  Max Mhz: 1896, Current Mhz: 1696, Mhz Limit: 1687
Processor Information for processor 5
  Max Mhz: 1896, Current Mhz: 1496, Mhz Limit: 1687
Processor Information for processor 6
  Max Mhz: 1896, Current Mhz: 1496, Mhz Limit: 1687
Processor Information for processor 7
  Max Mhz: 1896, Current Mhz: 1696, Mhz Limit: 1687

Memory: 4k page, system-wide physical 8030M (203M free)
TotalPageFile size 32606M (AvailPageFile size 28M)
current process WorkingSet (physical memory assigned to process): 11M, peak: 11M
current process commit charge ("private bytes"): 60M, peak: 186M

vm_info: Java HotSpot(TM) 64-Bit Server VM (23+37-2369) for windows-amd64 JRE (23+37-2369), built on 2024-08-20T16:01:23Z with MS VC++ 17.6 (VS2022)

END.
